Using pre-set license
Built from '2021.3/staging' branch; Version is '2021.3.6f1 (7da38d85baf6) revision 8233869'; Using compiler version '192829333'; Build Type 'Release'
OS: 'Windows 10  (10.0.19043) 64bit Professional' Language: 'en' Physical Memory: 16297 MB
BatchMode: 1, IsHumanControllingUs: 0, StartBugReporterOnCrash: 0, Is64bit: 1, IsPro: 1

COMMAND LINE ARGUMENTS:
C:\Program Files\Unity\Hub\Editor\2021.3.6f1\Editor\Unity.exe
-adb2
-batchMode
-noUpm
-name
AssetImportWorker6
-projectPath
D:/Faks/Hack and Slash Git/Hack and Slash
-logFile
Logs/AssetImportWorker6.log
-srvPort
58176
Successfully changed project path to: D:/Faks/Hack and Slash Git/Hack and Slash
D:/Faks/Hack and Slash Git/Hack and Slash
[UnityMemory] Configuration Parameters - Can be set up in boot.config
    "memorysetup-bucket-allocator-granularity=16"
    "memorysetup-bucket-allocator-bucket-count=8"
    "memorysetup-bucket-allocator-block-size=33554432"
    "memorysetup-bucket-allocator-block-count=8"
    "memorysetup-main-allocator-block-size=16777216"
    "memorysetup-thread-allocator-block-size=16777216"
    "memorysetup-gfx-main-allocator-block-size=16777216"
    "memorysetup-gfx-thread-allocator-block-size=16777216"
    "memorysetup-cache-allocator-block-size=4194304"
    "memorysetup-typetree-allocator-block-size=2097152"
    "memorysetup-profiler-bucket-allocator-granularity=16"
    "memorysetup-profiler-bucket-allocator-bucket-count=8"
    "memorysetup-profiler-bucket-allocator-block-size=33554432"
    "memorysetup-profiler-bucket-allocator-block-count=8"
    "memorysetup-profiler-allocator-block-size=16777216"
    "memorysetup-profiler-editor-allocator-block-size=1048576"
    "memorysetup-temp-allocator-size-main=16777216"
    "memorysetup-job-temp-allocator-block-size=2097152"
    "memorysetup-job-temp-allocator-block-size-background=1048576"
    "memorysetup-job-temp-allocator-reduction-small-platforms=262144"
    "memorysetup-temp-allocator-size-background-worker=32768"
    "memorysetup-temp-allocator-size-job-worker=262144"
    "memorysetup-temp-allocator-size-preload-manager=33554432"
    "memorysetup-temp-allocator-size-nav-mesh-worker=65536"
    "memorysetup-temp-allocator-size-audio-worker=65536"
    "memorysetup-temp-allocator-size-cloud-worker=32768"
    "memorysetup-temp-allocator-size-gi-baking-worker=262144"
    "memorysetup-temp-allocator-size-gfx=262144"
Refreshing native plugins compatible for Editor in 187.98 ms, found 3 plugins.
Preloading 0 native plugins for Editor in 0.00 ms.
Initialize engine version: 2021.3.6f1 (7da38d85baf6)
[Subsystems] Discovering subsystems at path C:/Program Files/Unity/Hub/Editor/2021.3.6f1/Editor/Data/Resources/UnitySubsystems
[Subsystems] Discovering subsystems at path D:/Faks/Hack and Slash Git/Hack and Slash/Assets
GfxDevice: creating device client; threaded=0; jobified=0
Direct3D:
    Version:  Direct3D 11.0 [level 11.1]
    Renderer: NVIDIA GeForce GTX 980 (ID=0x13c0)
    Vendor:   NVIDIA
    VRAM:     4047 MB
    Driver:   31.0.15.2756
Initialize mono
Mono path[0] = 'C:/Program Files/Unity/Hub/Editor/2021.3.6f1/Editor/Data/Managed'
Mono path[1] = 'C:/Program Files/Unity/Hub/Editor/2021.3.6f1/Editor/Data/MonoBleedingEdge/lib/mono/unityjit-win32'
Mono config path = 'C:/Program Files/Unity/Hub/Editor/2021.3.6f1/Editor/Data/MonoBleedingEdge/etc'
Using monoOptions --debugger-agent=transport=dt_socket,embedding=1,server=y,suspend=n,address=127.0.0.1:56492
Begin MonoManager ReloadAssembly
Registering precompiled unity dll's ...
Register platform support module: C:/Program Files/Unity/Hub/Editor/2021.3.6f1/Editor/Data/PlaybackEngines/WebGLSupport/UnityEditor.WebGL.Extensions.dll
Register platform support module: C:/Program Files/Unity/Hub/Editor/2021.3.6f1/Editor/Data/PlaybackEngines/WindowsStandaloneSupport/UnityEditor.WindowsStandalone.Extensions.dll
Registered in 0.010437 seconds.
Native extension for WindowsStandalone target not found
Native extension for WebGL target not found
Refreshing native plugins compatible for Editor in 163.40 ms, found 3 plugins.
Preloading 0 native plugins for Editor in 0.00 ms.
Mono: successfully reloaded assembly
- Completed reload, in  0.872 seconds
Domain Reload Profiling:
	ReloadAssembly (873ms)
		BeginReloadAssembly (105ms)
			ExecutionOrderSort (0ms)
			DisableScriptedObjects (0ms)
			BackupInstance (0ms)
			ReleaseScriptingObjects (0ms)
			CreateAndSetChildDomain (1ms)
		EndReloadAssembly (625ms)
			LoadAssemblies (101ms)
			RebuildTransferFunctionScriptingTraits (0ms)
			SetupTypeCache (131ms)
			ReleaseScriptCaches (0ms)
			RebuildScriptCaches (29ms)
			SetupLoadedEditorAssemblies (405ms)
				LogAssemblyErrors (0ms)
				InitializePlatformSupportModulesInManaged (14ms)
				SetLoadedEditorAssemblies (0ms)
				RefreshPlugins (164ms)
				BeforeProcessingInitializeOnLoad (2ms)
				ProcessInitializeOnLoadAttributes (158ms)
				ProcessInitializeOnLoadMethodAttributes (67ms)
				AfterProcessingInitializeOnLoad (0ms)
				EditorAssembliesLoaded (0ms)
			ExecutionOrderSort2 (0ms)
			AwakeInstancesAfterBackupRestoration (0ms)
Platform modules already initialized, skipping
Registering precompiled user dll's ...
Registered in 0.009293 seconds.
Begin MonoManager ReloadAssembly
Symbol file LoadedFromMemory doesn't match image D:\Faks\Hack and Slash Git\Hack and Slash\Library\PackageCache\com.unity.visualscripting@1.7.8\Editor\VisualScripting.Core\Dependencies\YamlDotNet\Unity.VisualScripting.YamlDotNet.dll
Symbol file LoadedFromMemory doesn't match image D:\Faks\Hack and Slash Git\Hack and Slash\Library\PackageCache\com.unity.visualscripting@1.7.8\Editor\VisualScripting.Core\Dependencies\DotNetZip\Unity.VisualScripting.IonicZip.dll
Native extension for WindowsStandalone target not found
Native extension for WebGL target not found
Refreshing native plugins compatible for Editor in 162.69 ms, found 3 plugins.
Preloading 0 native plugins for Editor in 0.00 ms.
Mono: successfully reloaded assembly
- Completed reload, in  1.761 seconds
Domain Reload Profiling:
	ReloadAssembly (1763ms)
		BeginReloadAssembly (125ms)
			ExecutionOrderSort (0ms)
			DisableScriptedObjects (6ms)
			BackupInstance (0ms)
			ReleaseScriptingObjects (0ms)
			CreateAndSetChildDomain (23ms)
		EndReloadAssembly (1499ms)
			LoadAssemblies (125ms)
			RebuildTransferFunctionScriptingTraits (0ms)
			SetupTypeCache (402ms)
			ReleaseScriptCaches (2ms)
			RebuildScriptCaches (117ms)
			SetupLoadedEditorAssemblies (806ms)
				LogAssemblyErrors (0ms)
				InitializePlatformSupportModulesInManaged (10ms)
				SetLoadedEditorAssemblies (0ms)
				RefreshPlugins (163ms)
				BeforeProcessingInitializeOnLoad (175ms)
				ProcessInitializeOnLoadAttributes (356ms)
				ProcessInitializeOnLoadMethodAttributes (89ms)
				AfterProcessingInitializeOnLoad (12ms)
				EditorAssembliesLoaded (0ms)
			ExecutionOrderSort2 (0ms)
			AwakeInstancesAfterBackupRestoration (6ms)
Platform modules already initialized, skipping
========================================================================
Worker process is ready to serve import requests
Launched and connected shader compiler UnityShaderCompiler.exe after 0.10 seconds
Refreshing native plugins compatible for Editor in 1.68 ms, found 3 plugins.
Preloading 0 native plugins for Editor in 0.00 ms.
Unloading 6312 Unused Serialized files (Serialized files now loaded: 0)
Unloading 57 unused Assets / (1.7 MB). Loaded Objects now: 6784.
Memory consumption went from 258.7 MB to 257.0 MB.
Total: 6.708900 ms (FindLiveObjects: 0.933200 ms CreateObjectMapping: 0.232400 ms MarkObjects: 4.253500 ms  DeleteObjects: 1.288200 ms)

AssetImportParameters requested are different than current active one (requested -> active):
  custom:video-decoder-ogg-theora: a1e56fd34408186e4bbccfd4996cb3dc -> 
  custom:container-muxer-webm: aa71ff27fc2769a1b78a27578f13a17b -> 
  custom:container-demuxer-webm: 4f35f7cbe854078d1ac9338744f61a02 -> 
  custom:video-encoder-webm-vp8: eb34c28f22e8b96e1ab97ce403110664 -> 
  custom:audio-encoder-webm-vorbis: bf7c407c2cedff20999df2af8eb42d56 -> 
  custom:framework-win-MediaFoundation: 216162199b28c13a410421893ffa2e32 -> 
  custom:container-demuxer-ogg: 62fdf1f143b41e24485cea50d1cbac27 -> 
  custom:video-decoder-webm-vp8: 9c59270c3fd7afecdb556c50c9e8de78 -> 
  custom:audio-decoder-ogg-vorbis: bf7c407c2cedff20999df2af8eb42d56 -> 
========================================================================
Received Import Request.
  Time since last request: 415652.075430 seconds.
  path: Assets/Lunky's Schtuff/Textures/Barrel/barrel_DefaultMaterial_BaseMap.png
  artifactKey: Guid(32c1f05fb9ab41b48a1c3efff844f511) Importer(815301076,1909f56bfc062723c751e8b465ee728b)
Start importing Assets/Lunky's Schtuff/Textures/Barrel/barrel_DefaultMaterial_BaseMap.png using Guid(32c1f05fb9ab41b48a1c3efff844f511) Importer(815301076,1909f56bfc062723c751e8b465ee728b)  -> (artifact id: '3e92315a9cf9177d341c24d470637e19') in 0.132266 seconds 
========================================================================
Received Import Request.
  Time since last request: 2.205158 seconds.
  path: Assets/Lunky's Schtuff/Textures/Barrel/PBR/barrel_DefaultMaterial_BaseColor.png
  artifactKey: Guid(95fff03ddc22b1a4e9392dda30a78da2) Importer(815301076,1909f56bfc062723c751e8b465ee728b)
Start importing Assets/Lunky's Schtuff/Textures/Barrel/PBR/barrel_DefaultMaterial_BaseColor.png using Guid(95fff03ddc22b1a4e9392dda30a78da2) Importer(815301076,1909f56bfc062723c751e8b465ee728b)  -> (artifact id: '5a0987281239dca482a102f3154e4ef5') in 0.018633 seconds 
========================================================================
Received Import Request.
  Time since last request: 0.000102 seconds.
  path: Assets/Lunky's Schtuff/Textures/Barrel/PBR/barrel_DefaultMaterial_Metallic.png
  artifactKey: Guid(9ca1afcb4e782b64c8b0c049e90834d1) Importer(815301076,1909f56bfc062723c751e8b465ee728b)
Start importing Assets/Lunky's Schtuff/Textures/Barrel/PBR/barrel_DefaultMaterial_Metallic.png using Guid(9ca1afcb4e782b64c8b0c049e90834d1) Importer(815301076,1909f56bfc062723c751e8b465ee728b)  -> (artifact id: '63068615ecdee62c96cb0c05b4516f4c') in 0.025674 seconds 
========================================================================
Received Import Request.
  Time since last request: 0.000064 seconds.
  path: Assets/Lunky's Schtuff/Textures/Barrel/PBR/barrel_DefaultMaterial_Roughness.png
  artifactKey: Guid(9063e9854bda0d6439f3100275512ac0) Importer(815301076,1909f56bfc062723c751e8b465ee728b)
Start importing Assets/Lunky's Schtuff/Textures/Barrel/PBR/barrel_DefaultMaterial_Roughness.png using Guid(9063e9854bda0d6439f3100275512ac0) Importer(815301076,1909f56bfc062723c751e8b465ee728b)  -> (artifact id: '9575615be37a4bb94195002f0c6a870a') in 0.015421 seconds 
========================================================================
Received Import Request.
  Time since last request: 2.764045 seconds.
  path: Assets/Lunky's Schtuff/Textures/box/uvbox1_Material.001_BaseMap.png
  artifactKey: Guid(52bff9de1764f8d49ae85e2f162f4674) Importer(815301076,1909f56bfc062723c751e8b465ee728b)
Start importing Assets/Lunky's Schtuff/Textures/box/uvbox1_Material.001_BaseMap.png using Guid(52bff9de1764f8d49ae85e2f162f4674) Importer(815301076,1909f56bfc062723c751e8b465ee728b)  -> (artifact id: 'f3a7dce6609b63916e97c486f619ddd6') in 0.017539 seconds 
========================================================================
Received Import Request.
  Time since last request: 0.000041 seconds.
  path: Assets/Lunky's Schtuff/Textures/box/uvbox1_Material.001_MaskMap.png
  artifactKey: Guid(06fb97704c6970d428f55ace2143835a) Importer(815301076,1909f56bfc062723c751e8b465ee728b)
Start importing Assets/Lunky's Schtuff/Textures/box/uvbox1_Material.001_MaskMap.png using Guid(06fb97704c6970d428f55ace2143835a) Importer(815301076,1909f56bfc062723c751e8b465ee728b)  -> (artifact id: '7b26c9b2226dde7b0b49ba9354f3196f') in 0.029289 seconds 
========================================================================
Received Import Request.
  Time since last request: 1.214187 seconds.
  path: Assets/Lunky's Schtuff/Textures/House/HouseUV2_DefaultMaterial_BaseColor.png
  artifactKey: Guid(3175dfaba71001143a1832aa3d5cef1b) Importer(815301076,1909f56bfc062723c751e8b465ee728b)
Start importing Assets/Lunky's Schtuff/Textures/House/HouseUV2_DefaultMaterial_BaseColor.png using Guid(3175dfaba71001143a1832aa3d5cef1b) Importer(815301076,1909f56bfc062723c751e8b465ee728b)  -> (artifact id: '80ea86ee925c2761911b599b35db3c59') in 0.017271 seconds 
========================================================================
Received Import Request.
  Time since last request: 0.000040 seconds.
  path: Assets/Lunky's Schtuff/Textures/House/HouseUV2_DefaultMaterial_Emissive.png
  artifactKey: Guid(841d3df269036534290db2916d070b57) Importer(815301076,1909f56bfc062723c751e8b465ee728b)
Start importing Assets/Lunky's Schtuff/Textures/House/HouseUV2_DefaultMaterial_Emissive.png using Guid(841d3df269036534290db2916d070b57) Importer(815301076,1909f56bfc062723c751e8b465ee728b)  -> (artifact id: '5c81bc84389feef1f772fedbe9e756ed') in 0.036081 seconds 
========================================================================
Received Import Request.
  Time since last request: 0.000054 seconds.
  path: Assets/Lunky's Schtuff/Textures/House/HouseUV2_DefaultMaterial_Metallic.png
  artifactKey: Guid(5e88c2c4b705ffb4ba8c1985d46f533b) Importer(815301076,1909f56bfc062723c751e8b465ee728b)
Start importing Assets/Lunky's Schtuff/Textures/House/HouseUV2_DefaultMaterial_Metallic.png using Guid(5e88c2c4b705ffb4ba8c1985d46f533b) Importer(815301076,1909f56bfc062723c751e8b465ee728b)  -> (artifact id: '13333a86c461114296ec0193ad43f5e1') in 0.018947 seconds 
========================================================================
Received Import Request.
  Time since last request: 0.815138 seconds.
  path: Assets/Lunky's Schtuff/Textures/Lamp/Lamp4_Material_BaseColor.png
  artifactKey: Guid(94127cb65ac8c0d4a8a75d546a86586b) Importer(815301076,1909f56bfc062723c751e8b465ee728b)
Start importing Assets/Lunky's Schtuff/Textures/Lamp/Lamp4_Material_BaseColor.png using Guid(94127cb65ac8c0d4a8a75d546a86586b) Importer(815301076,1909f56bfc062723c751e8b465ee728b)  -> (artifact id: '37a2e2aefd4c5d951b61fa61ef7d2c84') in 0.016260 seconds 
========================================================================
Received Import Request.
  Time since last request: 0.000051 seconds.
  path: Assets/Lunky's Schtuff/Textures/Lamp/Lamp4_Material_Metallic.png
  artifactKey: Guid(360a0b35c0f814140b0ba976996bf5bb) Importer(815301076,1909f56bfc062723c751e8b465ee728b)
Start importing Assets/Lunky's Schtuff/Textures/Lamp/Lamp4_Material_Metallic.png using Guid(360a0b35c0f814140b0ba976996bf5bb) Importer(815301076,1909f56bfc062723c751e8b465ee728b)  -> (artifact id: '5af74c09235dc5c0b3dee7955663ddd9') in 0.027062 seconds 
========================================================================
Received Import Request.
  Time since last request: 0.015581 seconds.
  path: Assets/Lunky's Schtuff/Textures/Lamp/Lamp4_Material_Normal.png
  artifactKey: Guid(71f12d34f9ab9354da08b06f53a3a0c9) Importer(815301076,1909f56bfc062723c751e8b465ee728b)
Start importing Assets/Lunky's Schtuff/Textures/Lamp/Lamp4_Material_Normal.png using Guid(71f12d34f9ab9354da08b06f53a3a0c9) Importer(815301076,1909f56bfc062723c751e8b465ee728b)  -> (artifact id: 'c551b9c5040590619e739f814d129270') in 0.015598 seconds 
Editor requested this worker to shutdown with reason: Scaling down because of idle timeout
AssetImportWorker is now disconnected from the server
Process exiting
Exiting without the bug reporter. Application will terminate with return code 0